2026-05-28 14:35:53 [background-preinit] INFO  o.h.validator.internal.util.Version - HV000001: Hibernate Validator 9.0.1.Final
2026-05-28 14:35:53 [Test worker] INFO  ra.demo.BookControllerTest - Starting BookControllerTest using Java 21.0.10 with PID 19423 (started by mac in /Users/mac/Downloads/KiemTraHackathon_SpringAPI)
2026-05-28 14:35:53 [Test worker] DEBUG ra.demo.BookControllerTest - Running with Spring Boot v4.0.6, Spring v7.0.7
2026-05-28 14:35:53 [Test worker] INFO  ra.demo.BookControllerTest - No active profile set, falling back to 1 default profile: "default"
2026-05-28 14:35:54 [Test worker] INFO  o.s.b.t.m.w.SpringBootMockServletContext - Initializing Spring TestDispatcherServlet ''
2026-05-28 14:35:54 [Test worker] INFO  o.s.t.w.s.TestDispatcherServlet - Initializing Servlet ''
2026-05-28 14:35:54 [Test worker] INFO  o.s.t.w.s.TestDispatcherServlet - Completed initialization in 1 ms
2026-05-28 14:35:54 [Test worker] INFO  ra.demo.BookControllerTest - Started BookControllerTest in 1.154 seconds (process running for 1.729)
2026-05-28 14:36:03 [background-preinit] INFO  o.h.validator.internal.util.Version - HV000001: Hibernate Validator 9.0.1.Final
2026-05-28 14:36:03 [main] INFO  r.d.KiemTraHackathonSpringApiApplication - Starting KiemTraHackathonSpringApiApplication using Java 21.0.10 with PID 19428 (/Users/mac/Downloads/KiemTraHackathon_SpringAPI/build/classes/java/main started by mac in /Users/mac/Downloads/KiemTraHackathon_SpringAPI)
2026-05-28 14:36:03 [main] DEBUG r.d.KiemTraHackathonSpringApiApplication - Running with Spring Boot v4.0.6, Spring v7.0.7
2026-05-28 14:36:03 [main] INFO  r.d.KiemTraHackathonSpringApiApplication - No active profile set, falling back to 1 default profile: "default"
2026-05-28 14:36:03 [main] INFO  o.s.d.r.c.RepositoryConfigurationDelegate - Bootstrapping Spring Data JPA repositories in DEFAULT mode.
2026-05-28 14:36:03 [main] INFO  o.s.d.r.c.RepositoryConfigurationDelegate - Finished Spring Data repository scanning in 18 ms. Found 1 JPA repository interface.
2026-05-28 14:36:03 [main] INFO  o.s.boot.tomcat.TomcatWebServer - Tomcat initialized with port 8080 (http)
2026-05-28 14:36:03 [main] INFO  o.a.coyote.http11.Http11NioProtocol - Initializing ProtocolHandler ["http-nio-8080"]
2026-05-28 14:36:03 [main] INFO  o.a.catalina.core.StandardService - Starting service [Tomcat]
2026-05-28 14:36:03 [main] INFO  o.a.catalina.core.StandardEngine - Starting Servlet engine: [Apache Tomcat/11.0.21]
2026-05-28 14:36:03 [main] INFO  o.s.b.w.c.s.WebApplicationContextInitializer - Root WebApplicationContext: initialization completed in 525 ms
2026-05-28 14:36:03 [main] INFO  org.hibernate.orm.jpa - HHH008540: Processing PersistenceUnitInfo [name: default]
2026-05-28 14:36:03 [main] INFO  org.hibernate.orm.core - HHH000001: Hibernate ORM core version 7.2.12.Final
2026-05-28 14:36:04 [main] INFO  o.s.o.j.p.SpringPersistenceUnitInfo - No LoadTimeWeaver setup: ignoring JPA class transformer
2026-05-28 14:36:04 [main] INFO  com.zaxxer.hikari.HikariDataSource - HikariPool-1 - Starting...
2026-05-28 14:36:04 [main] INFO  com.zaxxer.hikari.pool.HikariPool - HikariPool-1 - Added connection com.mysql.cj.jdbc.ConnectionImpl@7bc8ffbc
2026-05-28 14:36:04 [main] INFO  com.zaxxer.hikari.HikariDataSource - HikariPool-1 - Start completed.
2026-05-28 14:36:04 [main] WARN  org.hibernate.orm.deprecation - HHH90000025: MySQLDialect does not need to be specified explicitly using 'hibernate.dialect' (remove the property setting and it will be selected by default)
2026-05-28 14:36:04 [main] INFO  o.hibernate.orm.connections.pooling - HHH10001005: Database info:
	Database JDBC URL [jdbc:mysql://localhost:3306/db_hackathon_springapi?createDatabaseIfNotExist=true]
	Database driver: MySQL Connector/J
	Database dialect: MySQLDialect
	Database version: 9.4
	Default catalog/schema: db_hackathon_springapi/undefined
	Autocommit mode: undefined/unknown
	Isolation level: REPEATABLE_READ [default REPEATABLE_READ]
	JDBC fetch size: none
	Pool: DataSourceConnectionProvider
	Minimum pool size: undefined/unknown
	Maximum pool size: undefined/unknown
2026-05-28 14:36:04 [main] INFO  org.hibernate.orm.core - HHH000489: No JTA platform available (set 'hibernate.transaction.jta.platform' to enable JTA platform integration)
2026-05-28 14:36:05 [main] INFO  o.s.o.j.LocalContainerEntityManagerFactoryBean - Initialized JPA EntityManagerFactory for persistence unit 'default'
2026-05-28 14:36:05 [main] INFO  o.s.d.j.r.q.QueryEnhancerFactories - Hibernate is in classpath; If applicable, HQL parser will be used.
2026-05-28 14:36:05 [main] WARN  o.s.b.j.a.JpaBaseConfiguration$JpaWebConfiguration - spring.jpa.open-in-view is enabled by default. Therefore, database queries may be performed during view rendering. Explicitly configure spring.jpa.open-in-view to disable this warning
2026-05-28 14:36:05 [main] INFO  o.a.coyote.http11.Http11NioProtocol - Starting ProtocolHandler ["http-nio-8080"]
2026-05-28 14:36:05 [main] INFO  o.s.boot.tomcat.TomcatWebServer - Tomcat started on port 8080 (http) with context path '/'
2026-05-28 14:36:05 [main] INFO  r.d.KiemTraHackathonSpringApiApplication - Started KiemTraHackathonSpringApiApplication in 2.265 seconds (process running for 2.566)
2026-05-28 14:36:25 [http-nio-8080-exec-1] INFO  o.a.c.c.C.[Tomcat].[localhost].[/] - Initializing Spring DispatcherServlet 'dispatcherServlet'
2026-05-28 14:36:25 [http-nio-8080-exec-1] INFO  o.s.web.servlet.DispatcherServlet - Initializing Servlet 'dispatcherServlet'
2026-05-28 14:36:25 [http-nio-8080-exec-1] INFO  o.s.web.servlet.DispatcherServlet - Completed initialization in 1 ms
2026-05-28 14:36:25 [http-nio-8080-exec-1] INFO  r.demo.service.impl.BookServiceImpl - Thực hiện lấy danh sách tất cả sách
2026-05-28 14:36:38 [http-nio-8080-exec-3] DEBUG r.demo.service.impl.BookServiceImpl - Nhận request lấy thông tin sách với ID: 1
2026-05-28 14:36:38 [http-nio-8080-exec-3] ERROR r.demo.service.impl.BookServiceImpl - Lỗi: Không tìm thấy sách với mã 1
2026-05-28 14:36:43 [SpringApplicationShutdownHook] INFO  o.s.boot.tomcat.GracefulShutdown - Commencing graceful shutdown. Waiting for active requests to complete
2026-05-28 14:36:43 [tomcat-shutdown] INFO  o.s.boot.tomcat.GracefulShutdown - Graceful shutdown complete
2026-05-28 14:36:43 [SpringApplicationShutdownHook] INFO  o.s.o.j.LocalContainerEntityManagerFactoryBean - Closing JPA EntityManagerFactory for persistence unit 'default'
2026-05-28 14:36:43 [SpringApplicationShutdownHook] INFO  com.zaxxer.hikari.HikariDataSource - HikariPool-1 - Shutdown initiated...
2026-05-28 14:36:43 [SpringApplicationShutdownHook] INFO  com.zaxxer.hikari.HikariDataSource - HikariPool-1 - Shutdown completed.
2026-05-28 14:40:25 [background-preinit] INFO  o.h.validator.internal.util.Version - HV000001: Hibernate Validator 9.0.1.Final
2026-05-28 14:40:25 [Test worker] INFO  ra.demo.BookControllerTest - Starting BookControllerTest using Java 21.0.10 with PID 19488 (started by mac in /Users/mac/Downloads/KiemTraHackathon_SpringAPI)
2026-05-28 14:40:25 [Test worker] DEBUG ra.demo.BookControllerTest - Running with Spring Boot v4.0.6, Spring v7.0.7
2026-05-28 14:40:25 [Test worker] INFO  ra.demo.BookControllerTest - No active profile set, falling back to 1 default profile: "default"
2026-05-28 14:40:26 [Test worker] INFO  o.s.b.t.m.w.SpringBootMockServletContext - Initializing Spring TestDispatcherServlet ''
2026-05-28 14:40:26 [Test worker] INFO  o.s.t.w.s.TestDispatcherServlet - Initializing Servlet ''
2026-05-28 14:40:26 [Test worker] INFO  o.s.t.w.s.TestDispatcherServlet - Completed initialization in 1 ms
2026-05-28 14:40:26 [Test worker] INFO  ra.demo.BookControllerTest - Started BookControllerTest in 1.169 seconds (process running for 1.746)
